2019-03-25 10:20:04.181  INFO 11820 --- [restartedMain] c.a.a.AssignmentSystemApplication        : Starting AssignmentSystemApplication on DESKTOP-33D2FRI with PID 11820 (started by Terry in C:\Users\Terry\Desktop\final project\assignmentSystem)
2019-03-25 10:20:04.199  INFO 11820 --- [restartedMain] c.a.a.AssignmentSystemApplication        : No active profile set, falling back to default profiles: default
2019-03-25 10:20:04.304  INFO 11820 --- [restartedMain] .e.DevToolsPropertyDefaultsPostProcessor : Devtools property defaults active! Set 'spring.devtools.add-properties' to 'false' to disable
2019-03-25 10:20:04.308  INFO 11820 --- [restartedMain] .e.DevToolsPropertyDefaultsPostProcessor : For additional web related logging consider setting the 'logging.level.web' property to 'DEBUG'
2019-03-25 10:20:07.564  INFO 11820 --- [restartedMain] .s.d.r.c.RepositoryConfigurationDelegate : Bootstrapping Spring Data repositories in DEFAULT mode.
2019-03-25 10:20:07.895  INFO 11820 --- [restartedMain] .s.d.r.c.RepositoryConfigurationDelegate : Finished Spring Data repository scanning in 286ms. Found 3 repository interfaces.
2019-03-25 10:20:09.136  INFO 11820 --- [restartedMain] trationDelegate$BeanPostProcessorChecker : Bean 'org.springframework.transaction.annotation.ProxyTransactionManagementConfiguration' of type [org.springframework.transaction.annotation.ProxyTransactionManagementConfiguration$$EnhancerBySpringCGLIB$$901f3f1e] is not eligible for getting processed by all BeanPostProcessors (for example: not eligible for auto-proxying)
2019-03-25 10:20:12.497  INFO 11820 --- [restartedMain] o.s.b.w.embedded.tomcat.TomcatWebServer  : Tomcat initialized with port(s): 8082 (http)
2019-03-25 10:20:12.587  INFO 11820 --- [restartedMain] o.apache.catalina.core.StandardService   : Starting service [Tomcat]
2019-03-25 10:20:12.598  INFO 11820 --- [restartedMain] org.apache.catalina.core.StandardEngine  : Starting Servlet engine: [Apache Tomcat/9.0.16]
2019-03-25 10:20:12.640  INFO 11820 --- [restartedMain] o.a.catalina.core.AprLifecycleListener   : The APR based Apache Tomcat Native library which allows optimal performance in production environments was not found on the java.library.path: [C:\Program Files\Java\jre1.8.0_191\bin;C:\windows\Sun\Java\bin;C:\windows\system32;C:\windows;C:/Program Files/Java/jre1.8.0_191/bin/server;C:/Program Files/Java/jre1.8.0_191/bin;C:/Program Files/Java/jre1.8.0_191/lib/amd64;C:\oraclexe\app\oracle\product\11.2.0\server\bin;;C:\Program Files (x86)\Common Files\Oracle\Java\javapath;C:\windows\system32;C:\windows;C:\windows\System32\Wbem;C:\windows\System32\WindowsPowerShell\v1.0\;C:\windows\System32\OpenSSH\;C:\ProgramData\chocolatey\bin;C:\Program Files\Java\jdk1.8.0_191\bin;C:\Program Files\Microsoft VS Code\bin;C:\Program Files\Git\cmd;C:\Program Files\nodejs\;C:\Program Files\PuTTY\;C:\Users\Terry\AppData\Local\Programs\Python\Python37-32\Scripts\;C:\Users\Terry\AppData\Local\Programs\Python\Python37-32\;C:\Users\Terry\AppData\Local\Microsoft\WindowsApps;%apache-maven-3.6.0%C:\Users\Terry\Downloads\apache-maven-3.6.0-bin\apache-maven-3.6.0\bin;C:\Program Files\JetBrains\IntelliJ IDEA Community Edition 2018.3\bin;;C:\Users\Terry\AppData\Local\Programs\MiKTeX 2.9\miktex\bin\x64\;C:\Users\Terry\AppData\Roaming\npm;C:\Program Files\JetBrains\WebStorm 2018.3.4\bin;;C:\Program Files\heroku\bin;C:\Users\Terry\Desktop\OpenSource\eclipse;;.]
2019-03-25 10:20:13.152  INFO 11820 --- [restartedMain] o.a.c.c.C.[Tomcat].[localhost].[/]       : Initializing Spring embedded WebApplicationContext
2019-03-25 10:20:13.153  INFO 11820 --- [restartedMain] o.s.web.context.ContextLoader            : Root WebApplicationContext: initialization completed in 8845 ms
2019-03-25 10:20:14.116  INFO 11820 --- [restartedMain] com.zaxxer.hikari.HikariDataSource       : HikariPool-1 - Starting...
2019-03-25 10:20:15.038  INFO 11820 --- [restartedMain] com.zaxxer.hikari.pool.PoolBase          : HikariPool-1 - Driver does not support get/set network timeout for connections. (oracle.jdbc.driver.T4CConnection.getNetworkTimeout()I)
2019-03-25 10:20:15.053  INFO 11820 --- [restartedMain] com.zaxxer.hikari.HikariDataSource       : HikariPool-1 - Start completed.
2019-03-25 10:20:15.220  INFO 11820 --- [restartedMain] o.hibernate.jpa.internal.util.LogHelper  : HHH000204: Processing PersistenceUnitInfo [
	name: default
	...]
2019-03-25 10:20:16.492  INFO 11820 --- [restartedMain] org.hibernate.Version                    : HHH000412: Hibernate Core {5.3.7.Final}
2019-03-25 10:20:16.506  INFO 11820 --- [restartedMain] org.hibernate.cfg.Environment            : HHH000206: hibernate.properties not found
2019-03-25 10:20:17.266  INFO 11820 --- [restartedMain] o.hibernate.annotations.common.Version   : HCANN000001: Hibernate Commons Annotations {5.0.4.Final}
2019-03-25 10:20:18.146  INFO 11820 --- [restartedMain] org.hibernate.dialect.Dialect            : HHH000400: Using dialect: org.hibernate.dialect.Oracle10gDialect
2019-03-25 10:20:20.017  INFO 11820 --- [restartedMain] j.LocalContainerEntityManagerFactoryBean : Initialized JPA EntityManagerFactory for persistence unit 'default'
2019-03-25 10:20:26.615  INFO 11820 --- [restartedMain] o.s.s.concurrent.ThreadPoolTaskExecutor  : Initializing ExecutorService 'applicationTaskExecutor'
2019-03-25 10:20:27.238  WARN 11820 --- [restartedMain] aWebConfiguration$JpaWebMvcConfiguration : spring.jpa.open-in-view is enabled by default. Therefore, database queries may be performed during view rendering. Explicitly configure spring.jpa.open-in-view to disable this warning
2019-03-25 10:20:28.117  WARN 11820 --- [restartedMain] o.s.b.d.a.OptionalLiveReloadServer       : Unable to start LiveReload server
2019-03-25 10:20:28.233  INFO 11820 --- [restartedMain] o.s.b.w.embedded.tomcat.TomcatWebServer  : Tomcat started on port(s): 8082 (http) with context path ''
2019-03-25 10:20:28.238  INFO 11820 --- [restartedMain] c.a.a.AssignmentSystemApplication        : Started AssignmentSystemApplication in 26.986 seconds (JVM running for 28.54)
2019-03-25 10:21:21.300  INFO 11820 --- [http-nio-8082-exec-1] o.a.c.c.C.[Tomcat].[localhost].[/]       : Initializing Spring DispatcherServlet 'dispatcherServlet'
2019-03-25 10:21:21.303  INFO 11820 --- [http-nio-8082-exec-1] o.s.web.servlet.DispatcherServlet        : Initializing Servlet 'dispatcherServlet'
2019-03-25 10:21:21.313  INFO 11820 --- [http-nio-8082-exec-1] o.s.web.servlet.DispatcherServlet        : Completed initialization in 9 ms
2019-03-25 10:21:21.385  INFO 11820 --- [http-nio-8082-exec-1] o.h.h.i.QueryTranslatorFactoryInitiator  : HHH000397: Using ASTQueryTranslatorFactory
2019-03-25 10:31:32.972  WARN 11820 --- [http-nio-8082-exec-8] o.h.engine.jdbc.spi.SqlExceptionHelper   : SQL Error: 1401, SQLState: 22001
2019-03-25 10:31:32.978 ERROR 11820 --- [http-nio-8082-exec-8] o.h.engine.jdbc.spi.SqlExceptionHelper   : ORA-01401: inserted value too large for column

2019-03-25 10:31:32.987 ERROR 11820 --- [http-nio-8082-exec-8] o.h.i.ExceptionMapperStandardImpl        : HHH000346: Error during managed flush [org.hibernate.exception.DataException: could not execute statement]
2019-03-25 10:35:03.226  WARN 11820 --- [http-nio-8082-exec-10] o.h.engine.jdbc.spi.SqlExceptionHelper   : SQL Error: 1401, SQLState: 22001
2019-03-25 10:35:03.227 ERROR 11820 --- [http-nio-8082-exec-10] o.h.engine.jdbc.spi.SqlExceptionHelper   : ORA-01401: inserted value too large for column

2019-03-25 10:35:03.228 ERROR 11820 --- [http-nio-8082-exec-10] o.h.i.ExceptionMapperStandardImpl        : HHH000346: Error during managed flush [org.hibernate.exception.DataException: could not execute statement]
2019-03-25 12:13:33.354  WARN 11820 --- [HikariPool-1 housekeeper] com.zaxxer.hikari.pool.HikariPool        : HikariPool-1 - Thread starvation or clock leap detected (housekeeper delta=13m47s953ms743µs648ns).
2019-03-25 13:29:44.458  WARN 11820 --- [HikariPool-1 housekeeper] com.zaxxer.hikari.pool.HikariPool        : HikariPool-1 - Thread starvation or clock leap detected (housekeeper delta=45m11s44ms618µs977ns).
